#
# There is insufficient memory for the Java Runtime Environment to continue.
# Native memory allocation (malloc) failed to allocate 1048576 bytes for AllocateHeap
# Possible reasons:
#   The system is out of physical RAM or swap space
#   In 32 bit mode, the process size limit was hit
# Possible solutions:
#   Reduce memory load on the system
#   Increase physical memory or swap space
#   Check if swap backing store is full
#   Use 64 bit Java on a 64 bit OS
#   Decrease Java heap size (-Xmx/-Xms)
#   Decrease number of Java threads
#   Decrease Java thread stack sizes (-Xss)
#   Set larger code cache with -XX:ReservedCodeCacheSize=
# This output file may be truncated or incomplete.
#
#  Out of Memory Error (memory/allocation.inline.hpp:61), pid=21276, tid=0x0000000000004488
#
# JRE version:  (8.0) (build )
# Java VM: OpenJDK 64-Bit Server VM (25.71-b00 mixed mode windows-amd64 compressed oops)
# Failed to write core dump. Minidumps are not enabled by default on client versions of Windows
#

---------------  T H R E A D  ---------------

Current thread (0x00000000026b0800):  JavaThread "Unknown thread" [_thread_in_vm, id=17544, stack(0x0000000002590000,0x0000000002690000)]

Stack: [0x0000000002590000,0x0000000002690000]
[error occurred during error reporting (printing stack bounds), id 0xc0000005]

Native frames: (J=compiled Java code, j=interpreted, Vv=VM code, C=native code)


---------------  P R O C E S S  ---------------

Java Threads: ( => current thread )

Other Threads:

=>0x00000000026b0800 (exited) JavaThread "Unknown thread" [_thread_in_vm, id=17544, stack(0x0000000002590000,0x0000000002690000)]

VM state:not at safepoint (normal execution)

VM Mutex/Monitor currently owned by a thread: None

Heap:
 PSYoungGen      total 18432K, used 317K [0x00000000eb700000, 0x00000000ecb80000, 0x0000000100000000)
  eden space 15872K, 2% used [0x00000000eb700000,0x00000000eb74f5d0,0x00000000ec680000)
  from space 2560K, 0% used [0x00000000ec900000,0x00000000ec900000,0x00000000ecb80000)
  to   space 2560K, 0% used [0x00000000ec680000,0x00000000ec680000,0x00000000ec900000)
 ParOldGen       total 42496K, used 0K [0x00000000c2400000, 0x00000000c4d80000, 0x00000000eb700000)
  object space 42496K, 0% used [0x00000000c2400000,0x00000000c2400000,0x00000000c4d80000)
 Metaspace       used 777K, capacity 4480K, committed 4480K, reserved 1056768K
  class space    used 74K, capacity 384K, committed 384K, reserved 1048576K

Card table byte_map: [0x0000000011bc0000,0x0000000011db0000] byte_map_base: 0x00000000115ae000

Marking Bits: (ParMarkBitMap*) 0x000000006873be50
 Begin Bits: [0x0000000012300000, 0x0000000013270000)
 End Bits:   [0x0000000013270000, 0x00000000141e0000)

Polling page: 0x0000000000f20000

CodeCache: size=245760Kb used=328Kb max_used=328Kb free=245431Kb
 bounds [0x0000000002800000, 0x0000000002a70000, 0x0000000011800000]
 total_blobs=57 nmethods=0 adapters=38
 compilation: enabled

Compilation events (0 events):
No events

GC Heap History (0 events):
No events

Deoptimization events (0 events):
No events

Classes redefined (0 events):
No events

Internal exceptions (0 events):
No events

Events (10 events):
Event: 0.059 loading class java/lang/Short
Event: 0.059 loading class java/lang/Short done
Event: 0.059 loading class java/lang/Integer
Event: 0.059 loading class java/lang/Integer done
Event: 0.059 loading class java/lang/Long
Event: 0.059 loading class java/lang/Long done
Event: 0.061 loading class java/lang/NullPointerException
Event: 0.061 loading class java/lang/NullPointerException done
Event: 0.061 loading class java/lang/ArithmeticException
Event: 0.061 loading class java/lang/ArithmeticException done


Dynamic libraries:
0x00007ff696ce0000 - 0x00007ff696d15000 	C:\Program Files\Unity\Hub\Editor\2020.3.11f1\Editor\Data\PlaybackEngines\AndroidPlayer\OpenJDK\bin\java.exe
0x00007ffb00c50000 - 0x00007ffb00e45000 	C:\WINDOWS\SYSTEM32\ntdll.dll
0x00007ffaffe90000 - 0x00007ffafff4e000 	C:\WINDOWS\System32\KERNEL32.DLL
0x00007ffafe460000 - 0x00007ffafe728000 	C:\WINDOWS\System32\KERNELBASE.dll
0x00007ffaffbb0000 - 0x00007ffaffc5c000 	C:\WINDOWS\System32\ADVAPI32.dll
0x00007ffaff720000 - 0x00007ffaff7be000 	C:\WINDOWS\System32\msvcrt.dll
0x00007ffaffdf0000 - 0x00007ffaffe8b000 	C:\WINDOWS\System32\sechost.dll
0x00007ffaffc60000 - 0x00007ffaffd8a000 	C:\WINDOWS\System32\RPCRT4.dll
0x00007ffb00040000 - 0x00007ffb001e1000 	C:\WINDOWS\System32\USER32.dll
0x00007ffafeba0000 - 0x00007ffafebc2000 	C:\WINDOWS\System32\win32u.dll
0x00007ffafecb0000 - 0x00007ffafecdb000 	C:\WINDOWS\System32\GDI32.dll
0x00007ffafe730000 - 0x00007ffafe83d000 	C:\WINDOWS\System32\gdi32full.dll
0x00007ffafe9a0000 - 0x00007ffafea3d000 	C:\WINDOWS\System32\msvcp_win.dll
0x00007ffafeaa0000 - 0x00007ffafeba0000 	C:\WINDOWS\System32\ucrtbase.dll
0x00007ffae7230000 - 0x00007ffae74ca000 	C:\WINDOWS\WinSxS\amd64_microsoft.windows.common-controls_6595b64144ccf1df_6.0.19041.1110_none_60b5254171f9507e\COMCTL32.dll
0x00007ffaff0b0000 - 0x00007ffaff0e0000 	C:\WINDOWS\System32\IMM32.DLL
0x00000000687c0000 - 0x0000000068892000 	C:\Program Files\Unity\Hub\Editor\2020.3.11f1\Editor\Data\PlaybackEngines\AndroidPlayer\OpenJDK\jre\bin\msvcr100.dll
0x0000000067f70000 - 0x00000000687b9000 	C:\Program Files\Unity\Hub\Editor\2020.3.11f1\Editor\Data\PlaybackEngines\AndroidPlayer\OpenJDK\jre\bin\server\jvm.dll
0x00007ffaff0a0000 - 0x00007ffaff0a8000 	C:\WINDOWS\System32\PSAPI.DLL
0x00007ffad7260000 - 0x00007ffad7287000 	C:\WINDOWS\SYSTEM32\WINMM.dll
0x00007ffaf7fa0000 - 0x00007ffaf7faa000 	C:\WINDOWS\SYSTEM32\VERSION.dll
0x00007ffaf9e60000 - 0x00007ffaf9e69000 	C:\WINDOWS\SYSTEM32\WSOCK32.dll
0x00007ffb00ba0000 - 0x00007ffb00c0b000 	C:\WINDOWS\System32\WS2_32.dll
0x00007ffaf9100000 - 0x00007ffaf910f000 	C:\Program Files\Unity\Hub\Editor\2020.3.11f1\Editor\Data\PlaybackEngines\AndroidPlayer\OpenJDK\jre\bin\verify.dll
0x00007ffaa6130000 - 0x00007ffaa6159000 	C:\Program Files\Unity\Hub\Editor\2020.3.11f1\Editor\Data\PlaybackEngines\AndroidPlayer\OpenJDK\jre\bin\java.dll
0x00007ffaf72a0000 - 0x00007ffaf72b6000 	C:\Program Files\Unity\Hub\Editor\2020.3.11f1\Editor\Data\PlaybackEngines\AndroidPlayer\OpenJDK\jre\bin\zip.dll

VM Arguments:
java_command: <unknown>
java_class_path (initial): .
Launcher Type: SUN_STANDARD

Environment Variables:
JAVA_HOME=C:/Program Files/Unity/Hub/Editor/2020.3.11f1/Editor/Data/PlaybackEngines/AndroidPlayer\OpenJDK
PATH=C:\WINDOWS\system32;C:\WINDOWS;C:\WINDOWS\System32\Wbem;C:\WINDOWS\System32\WindowsPowerShell\v1.0\;C:\WINDOWS\System32\OpenSSH\;C:\MinGW\bin;C:\Program Files\Git\cmd;C:\MinGW\bin;C:\Program Files\dotnet\;C:\Program Files (x86)\Git\cmd;C:\Users\niles\Desktop\C_on_vscode;C:\Users\niles\AppData\Local\Programs\Python\Python39\Scripts\;C:\Users\niles\AppData\Local\Programs\Python\Python39\;C:\Users\niles\AppData\Local\Microsoft\WindowsApps;C:\Program Files (x86)\mingw-w64\i686-8.1.0-posix-dwarf-rt_v6-rev0\mingw32\bin;C:\Program Files (x86)\mingw-w64\i686-8.1.0-posix-dwarf-rt_v6-rev0;C:\MinGW\bin;C:\Users\niles\AppData\Local\Microsoft\WindowsApps;C:\Users\niles\AppData\Local\Programs\Microsoft VS Code\bin;C:\Users\niles\.dotnet\tools
USERNAME=niles
OS=Windows_NT
PROCESSOR_IDENTIFIER=Intel64 Family 6 Model 142 Stepping 12, GenuineIntel



---------------  S Y S T E M  ---------------

OS: Windows 10.0 , 64 bit Build 19041 (10.0.19041.1348)

CPU:total 4 (initial active 4) (2 cores per cpu, 2 threads per core) family 6 model 142 stepping 12, cmov, cx8, fxsr, mmx, sse, sse2, sse3, ssse3, sse4.1, sse4.2, popcnt, avx, avx2, aes, clmul, erms, 3dnowpref, lzcnt, ht, tsc, tscinvbit, bmi1, bmi2, adx

Memory: 4k page, physical 4043232k(82792k free), swap 16626144k(5848k free)

vm_info: OpenJDK 64-Bit Server VM (25.71-b00) for windows-amd64 JRE (1.8.0-adoptopenjdk-_2018_05_19_00_59-b00), built on May 19 2018 01:02:12 by "jenkins" with MS VC++ 10.0 (VS2010)

time: Mon Mar 21 15:43:20 2022
elapsed time: 0 seconds (0d 0h 0m 0s)

